START_UTC=2026-06-19T03:45:46Z
HOST=m1mini.local
RUN_DIR=<maintainer-fuzz-root>/cpace-f7efa6a9-m1mini-20260619T034544Z
COMMAND=FUZZ_RACE=0 GOMAXPROCS=4 FUZZTIME=1h PARALLEL=1 task fuzz
HEAD=f7efa6a963a954952b1ecad3f46530f13799fe89
STATUS=
task: [fuzz] set -euo pipefail
command -v jq >/dev/null 2>&1 || {
  echo "jq not found; install jq to run task fuzz"
  exit 1
}

fuzztime="${FUZZTIME}"
case "$fuzztime" in
  *[smh])
    fuzztime_value="${fuzztime%?}"
    ;;
  *)
    echo "FUZZTIME must be a positive Go duration (got: '$fuzztime')"
    exit 1
    ;;
esac
case "$fuzztime_value" in
  ''|*[!0-9]*)
    echo "FUZZTIME must be a positive Go duration (got: '$fuzztime')"
    exit 1
    ;;
esac
case "$fuzztime_value" in
  *[1-9]*) ;;
  *)
    echo "FUZZTIME must be a positive Go duration (got: '$fuzztime')"
    exit 1
    ;;
esac

parallel="${PARALLEL:-}"
if [ -z "$parallel" ]; then
  ncores="$(getconf _NPROCESSORS_ONLN 2>/dev/null || sysctl -n hw.ncpu 2>/dev/null || echo 2)"
  parallel=$(( ncores / 2 ))
  if [ "$parallel" -lt 1 ]; then
    parallel=1
  fi
fi
case "$parallel" in
  ''|*[!0-9]*)
    echo "PARALLEL must be a positive integer (got: '$parallel')"
    exit 1
    ;;
esac
case "$parallel" in
  *[1-9]*) ;;
  *)
    echo "PARALLEL must be a positive integer (got: '$parallel')"
    exit 1
    ;;
esac

target_count="$(jq 'length' .github/fuzz-targets.json)"
if [ "$target_count" -lt 1 ]; then
  echo ".github/fuzz-targets.json contains no targets"
  exit 1
fi

race="${FUZZ_RACE:-1}"
case "$race" in
  0|1) ;;
  *)
    echo "FUZZ_RACE must be 0 or 1 (got: '$race')"
    exit 1
    ;;
esac

echo "Running $target_count fuzz targets (PARALLEL=$parallel, FUZZTIME=$fuzztime, FUZZ_RACE=$race)"
log_dir="$(mktemp -d)"
trap 'rm -rf "$log_dir"' EXIT

jq -r '.[] | "\(.target)|\(.package)"' .github/fuzz-targets.json | \
  xargs -P "$parallel" -I{} bash -c '
    entry="$1"
    dir="$2"
    target="${entry%%|*}"
    pkg="${entry#*|}"
    race_args=()
    if [ "${FUZZ_RACE:-1}" != "0" ]; then
      race_args=(-race)
    fi
    if out=$(go test "${race_args[@]}" -timeout=0 -fuzz="$target" -fuzztime="$FUZZTIME" "$pkg" 2>&1); then
      printf "=== PASS: %s ===\n" "$target" > "$dir/$target.log"
    else
      printf "=== FAIL: %s (%s) ===\n%s\n" "$target" "$pkg" "$out" > "$dir/$target.log"
      : > "$dir/$target.fail"
    fi
  ' _ {} "$log_dir"

for log in "$log_dir"/*.log; do
  [ -f "$log" ] || continue
  cat "$log"
done
if ls "$log_dir"/*.fail >/dev/null 2>&1; then
  exit 1
fi
echo "All $target_count fuzz targets passed"

Running 14 fuzz targets (PARALLEL=1, FUZZTIME=1h, FUZZ_RACE=0)
=== PASS: FuzzDecodeMessageA ===
=== PASS: FuzzDecodeMessageB ===
=== PASS: FuzzDecodeMessageC ===
=== PASS: FuzzDraftInvalidVectorJSONLoader ===
=== PASS: FuzzDraftVectorJSONLoader ===
=== PASS: FuzzInitiatorFinishWithFuzzedMessageB ===
=== PASS: FuzzMessageARoundTrip ===
=== PASS: FuzzMessageBRoundTrip ===
=== PASS: FuzzMessageCRoundTrip ===
=== PASS: FuzzProtocolConsistency ===
=== PASS: FuzzProtocolMismatch ===
=== PASS: FuzzRespondWithFuzzedMessageA ===
=== PASS: FuzzResponderFinishWithFuzzedMessageC ===
=== PASS: FuzzScalarMultVFY ===
All 14 fuzz targets passed
END_UTC=2026-06-19T17:45:59Z
RC=0
